Started GET "/users" for ::1 at 2019-05-26 20:11:55 -0600
  
ActiveRecord::PendingMigrationError (

Migrations are pending. To resolve this issue, run:

        bin/rails db:migrate RAILS_ENV=development

):
  
activerecord (5.2.3) lib/active_record/migration.rb:579:in `check_pending!'
activerecord (5.2.3) lib/active_record/migration.rb:556:in `call'
actionpack (5.2.3) lib/action_dispatch/middleware/callbacks.rb:28:in `block in call'
activesupport (5.2.3) lib/active_support/callbacks.rb:98:in `run_callbacks'
actionpack (5.2.3) lib/action_dispatch/middleware/callbacks.rb:26:in `call'
actionpack (5.2.3) lib/action_dispatch/middleware/executor.rb:14:in `call'
actionpack (5.2.3) lib/action_dispatch/middleware/debug_exceptions.rb:61:in `call'
actionpack (5.2.3) lib/action_dispatch/middleware/show_exceptions.rb:33:in `call'
railties (5.2.3) lib/rails/rack/logger.rb:38:in `call_app'
railties (5.2.3) lib/rails/rack/logger.rb:26:in `block in call'
activesupport (5.2.3) lib/active_support/tagged_logging.rb:71:in `block in tagged'
activesupport (5.2.3) lib/active_support/tagged_logging.rb:28:in `tagged'
activesupport (5.2.3) lib/active_support/tagged_logging.rb:71:in `tagged'
railties (5.2.3) lib/rails/rack/logger.rb:26:in `call'
actionpack (5.2.3) lib/action_dispatch/middleware/remote_ip.rb:81:in `call'
actionpack (5.2.3) lib/action_dispatch/middleware/request_id.rb:27:in `call'
rack (2.0.7) lib/rack/runtime.rb:22:in `call'
activesupport (5.2.3) lib/active_support/cache/strategy/local_cache_middleware.rb:29:in `call'
actionpack (5.2.3) lib/action_dispatch/middleware/executor.rb:14:in `call'
actionpack (5.2.3) lib/action_dispatch/middleware/static.rb:127:in `call'
rack (2.0.7) lib/rack/sendfile.rb:111:in `call'
railties (5.2.3) lib/rails/engine.rb:524:in `call'
puma (3.12.1) lib/puma/configuration.rb:227:in `call'
puma (3.12.1) lib/puma/server.rb:660:in `handle_request'
puma (3.12.1) lib/puma/server.rb:474:in `process_client'
puma (3.12.1) lib/puma/server.rb:334:in `block in run'
puma (3.12.1) lib/puma/thread_pool.rb:135:in `block in spawn_thread'
  [1m[35m (0.1ms)[0m  [1m[34mSELECT sqlite_version(*)[0m
  ↳ bin/rails:9
  [1m[35m (10.9ms)[0m  [1m[35mCREATE TABLE "schema_migrations" ("version" varchar NOT NULL PRIMARY KEY)[0m
  ↳ bin/rails:9
  [1m[35m (10.1ms)[0m  [1m[35mCREATE TABLE "ar_internal_metadata" ("key" varchar NOT NULL PRIMARY KEY, "value" varchar, "created_at" datetime NOT NULL, "updated_at" datetime NOT NULL)[0m
  ↳ bin/rails:9
  [1m[35m (0.2ms)[0m  [1m[34mSELECT "schema_migrations"."version" FROM "schema_migrations" ORDER BY "schema_migrations"."version" ASC[0m
  ↳ bin/rails:9
Migrating to CreateUsers (20190527004757)
  [1m[35m (0.1ms)[0m  [1m[36mbegin transaction[0m
  ↳ bin/rails:9
  [1m[35m (2.2ms)[0m  [1m[35mCREATE TABLE "users" ("id" integer PRIMARY KEY AUTOINCREMENT NOT NULL, "email" varchar, "password_digest" varchar, "created_at" datetime NOT NULL, "updated_at" datetime NOT NULL)[0m
  ↳ db/migrate/20190527004757_create_users.rb:3
  [1m[36mActiveRecord::SchemaMigration Create (0.2ms)[0m  [1m[32mINSERT INTO "schema_migrations" ("version") VALUES (?)[0m  [["version", "20190527004757"]]
  ↳ bin/rails:9
  [1m[35m (14.9ms)[0m  [1m[36mcommit transaction[0m
  ↳ bin/rails:9
  [1m[36mActiveRecord::InternalMetadata Load (0.2ms)[0m  [1m[34mSELECT  "ar_internal_metadata".* FROM "ar_internal_metadata" WHERE "ar_internal_metadata"."key" = ? LIMIT ?[0m  [["key", "environment"], ["LIMIT", 1]]
  ↳ bin/rails:9
  [1m[35m (0.1ms)[0m  [1m[36mbegin transaction[0m
  ↳ bin/rails:9
  [1m[36mActiveRecord::InternalMetadata Create (4.0ms)[0m  [1m[32mINSERT INTO "ar_internal_metadata" ("key", "value", "created_at", "updated_at") VALUES (?, ?, ?, ?)[0m  [["key", "environment"], ["value", "development"], ["created_at", "2019-05-27 02:13:49.981578"], ["updated_at", "2019-05-27 02:13:49.981578"]]
  ↳ bin/rails:9
  [1m[35m (9.5ms)[0m  [1m[36mcommit transaction[0m
  ↳ bin/rails:9
  [1m[35m (0.1ms)[0m  [1m[34mSELECT "schema_migrations"."version" FROM "schema_migrations" ORDER BY "schema_migrations"."version" ASC[0m
  ↳ bin/rails:9
Started GET "/users" for ::1 at 2019-05-26 20:14:09 -0600
  [1m[35m (0.3ms)[0m  [1m[34mSELECT "schema_migrations"."version" FROM "schema_migrations" ORDER BY "schema_migrations"."version" ASC[0m
  ↳ /home/paulo/.rvm/gems/ruby-2.5.1/gems/activerecord-5.2.3/lib/active_record/log_subscriber.rb:98
Processing by UsersController#index as */*
Filter chain halted as :authorize_request rendered or redirected
Completed 401 Unauthorized in 3ms (Views: 0.9ms | ActiveRecord: 0.0ms)


Started GET "/auth/login" for ::1 at 2019-05-26 20:15:39 -0600
Processing by ApplicationController#not_found as */*
  Parameters: {"a"=>"auth/login"}
Completed 200 OK in 1ms (Views: 0.2ms | ActiveRecord: 0.0ms)


Started POST "/auth/login" for ::1 at 2019-05-26 20:16:03 -0600
Processing by AuthenticationController#login as */*
  [1m[36mUser Load (0.2ms)[0m  [1m[34mSELECT  "users".* FROM "users" WHERE "users"."email" IS NULL LIMIT ?[0m  [["LIMIT", 1]]
  ↳ app/controllers/authentication_controller.rb:6
Completed 401 Unauthorized in 15ms (Views: 0.2ms | ActiveRecord: 0.6ms)


Started POST "/auth/login?email=paulozuniga17@gmail.com&password=[FILTERED]" for ::1 at 2019-05-26 20:17:11 -0600
Processing by AuthenticationController#login as */*
  Parameters: {"email"=>"paulozuniga17@gmail.com", "password"=>"[FILTERED]"}
  [1m[36mUser Load (0.2ms)[0m  [1m[34mSELECT  "users".* FROM "users" WHERE "users"."email" = ? LIMIT ?[0m  [["email", "paulozuniga17@gmail.com"], ["LIMIT", 1]]
  ↳ app/controllers/authentication_controller.rb:6
Completed 401 Unauthorized in 3ms (Views: 0.2ms | ActiveRecord: 0.2ms)


Started POST "/users?email=paulozuniga17@gmail.com&password=[FILTERED]" for ::1 at 2019-05-26 21:17:57 -0600
Processing by UsersController#create as */*
  Parameters: {"email"=>"paulozuniga17@gmail.com", "password"=>"[FILTERED]"}
  [1m[35m (0.1ms)[0m  [1m[36mbegin transaction[0m
  ↳ app/controllers/users_controller.rb:19
  [1m[36mUser Exists (0.2ms)[0m  [1m[34mSELECT  1 AS one FROM "users" WHERE "users"."email" = ? LIMIT ?[0m  [["email", "paulozuniga17@gmail.com"], ["LIMIT", 1]]
  ↳ app/controllers/users_controller.rb:19
  [1m[36mUser Create (2.6ms)[0m  [1m[32mINSERT INTO "users" ("email", "password_digest", "created_at", "updated_at") VALUES (?, ?, ?, ?)[0m  [["email", "paulozuniga17@gmail.com"], ["password_digest", "$2a$10$MgVQgGMY.OtL5Edw5jlWROozmgy.in536OY8HBs7Ainbh6d/feEu2"], ["created_at", "2019-05-27 03:17:57.363676"], ["updated_at", "2019-05-27 03:17:57.363676"]]
  ↳ app/controllers/users_controller.rb:19
  [1m[35m (21.8ms)[0m  [1m[36mcommit transaction[0m
  ↳ app/controllers/users_controller.rb:19
Completed 201 Created in 201ms (Views: 0.6ms | ActiveRecord: 25.3ms)


Started POST "/auth/login?email=paulozuniga17@gmail.com&password=[FILTERED]" for ::1 at 2019-05-26 21:19:18 -0600
Processing by AuthenticationController#login as */*
  Parameters: {"email"=>"paulozuniga17@gmail.com", "password"=>"[FILTERED]"}
  [1m[36mUser Load (0.2ms)[0m  [1m[34mSELECT  "users".* FROM "users" WHERE "users"."email" = ? LIMIT ?[0m  [["email", "paulozuniga17@gmail.com"], ["LIMIT", 1]]
  ↳ app/controllers/authentication_controller.rb:6
Completed 500 Internal Server Error in 201ms (ActiveRecord: 0.2ms)


  
NoMethodError (undefined method `username' for #<User:0x00007fc8201caa58>):
  
app/controllers/authentication_controller.rb:11:in `login'
Started POST "/auth/login?email=paulozuniga17@gmail.com&password=[FILTERED]" for ::1 at 2019-05-26 21:28:01 -0600
  [1m[35m (0.2ms)[0m  [1m[34mSELECT "schema_migrations"."version" FROM "schema_migrations" ORDER BY "schema_migrations"."version" ASC[0m
  ↳ /home/paulo/.rvm/gems/ruby-2.5.1/gems/activerecord-5.2.3/lib/active_record/log_subscriber.rb:98
Processing by AuthenticationController#login as */*
  Parameters: {"email"=>"paulozuniga17@gmail.com", "password"=>"[FILTERED]"}
  [1m[36mUser Load (0.4ms)[0m  [1m[34mSELECT  "users".* FROM "users" WHERE "users"."email" = ? LIMIT ?[0m  [["email", "paulozuniga17@gmail.com"], ["LIMIT", 1]]
  ↳ app/controllers/authentication_controller.rb:6
Completed 200 OK in 191ms (Views: 0.3ms | ActiveRecord: 2.9ms)


Started POST "/auth/login?email=paulozuniga17@gmail.com&password=[FILTERED]" for ::1 at 2019-05-26 21:28:55 -0600
  [1m[35m (0.2ms)[0m  [1m[34mSELECT "schema_migrations"."version" FROM "schema_migrations" ORDER BY "schema_migrations"."version" ASC[0m
  ↳ /home/paulo/.rvm/gems/ruby-2.5.1/gems/activerecord-5.2.3/lib/active_record/log_subscriber.rb:98
Processing by AuthenticationController#login as */*
  Parameters: {"email"=>"paulozuniga17@gmail.com", "password"=>"[FILTERED]"}
  [1m[36mUser Load (0.2ms)[0m  [1m[34mSELECT  "users".* FROM "users" WHERE "users"."email" = ? LIMIT ?[0m  [["email", "paulozuniga17@gmail.com"], ["LIMIT", 1]]
  ↳ app/controllers/authentication_controller.rb:6
Completed 200 OK in 165ms (Views: 0.4ms | ActiveRecord: 4.2ms)


Started GET "/users" for ::1 at 2019-05-26 21:32:13 -0600
Processing by UsersController#index as */*
Filter chain halted as :authorize_request rendered or redirected
Completed 401 Unauthorized in 1ms (Views: 0.3ms | ActiveRecord: 0.0ms)


Started POST "/auth/login?email=paulozuniga17@gmail.com&password=[FILTERED]" for ::1 at 2019-05-26 21:32:50 -0600
Processing by AuthenticationController#login as */*
  Parameters: {"email"=>"paulozuniga17@gmail.com", "password"=>"[FILTERED]"}
  [1m[36mUser Load (0.2ms)[0m  [1m[34mSELECT  "users".* FROM "users" WHERE "users"."email" = ? LIMIT ?[0m  [["email", "paulozuniga17@gmail.com"], ["LIMIT", 1]]
  ↳ app/controllers/authentication_controller.rb:6
Completed 200 OK in 144ms (Views: 0.2ms | ActiveRecord: 0.2ms)


Started GET "/users?Authorization=eyJhbGciOiJIUzI1NiJ9.eyJ1c2VyX2lkIjoxLCJleHAiOjE1NTkwMTQzNzB9.ZL870KGR7QyzH24MrGvLKal5NFoIgyfcsIafaaNy0io" for ::1 at 2019-05-26 21:33:12 -0600
Processing by UsersController#index as */*
  Parameters: {"Authorization"=>"eyJhbGciOiJIUzI1NiJ9.eyJ1c2VyX2lkIjoxLCJleHAiOjE1NTkwMTQzNzB9.ZL870KGR7QyzH24MrGvLKal5NFoIgyfcsIafaaNy0io"}
Filter chain halted as :authorize_request rendered or redirected
Completed 401 Unauthorized in 0ms (Views: 0.2ms | ActiveRecord: 0.0ms)


Started POST "/auth/login?email=paulozuniga17@gmail.com&password=[FILTERED]" for ::1 at 2019-05-26 21:33:58 -0600
Processing by AuthenticationController#login as */*
  Parameters: {"email"=>"paulozuniga17@gmail.com", "password"=>"[FILTERED]"}
  [1m[36mUser Load (0.1ms)[0m  [1m[34mSELECT  "users".* FROM "users" WHERE "users"."email" = ? LIMIT ?[0m  [["email", "paulozuniga17@gmail.com"], ["LIMIT", 1]]
  ↳ app/controllers/authentication_controller.rb:6
Completed 200 OK in 143ms (Views: 0.3ms | ActiveRecord: 0.1ms)


Started GET "/users?Authorization=eyJhbGciOiJIUzI1NiJ9.eyJ1c2VyX2lkIjoxLCJleHAiOjE1NTkwMTQ0Mzl9.PDVvuXEzeXeyjaBZZz5lAQUDRR7GCSdFvu414s841DY" for ::1 at 2019-05-26 21:34:20 -0600
Processing by UsersController#index as */*
  Parameters: {"Authorization"=>"eyJhbGciOiJIUzI1NiJ9.eyJ1c2VyX2lkIjoxLCJleHAiOjE1NTkwMTQ0Mzl9.PDVvuXEzeXeyjaBZZz5lAQUDRR7GCSdFvu414s841DY"}
Filter chain halted as :authorize_request rendered or redirected
Completed 401 Unauthorized in 1ms (Views: 0.3ms | ActiveRecord: 0.0ms)


Started POST "/auth/login?email=paulozuniga17@gmail.com&password=[FILTERED]" for ::1 at 2019-05-26 21:35:29 -0600
Processing by AuthenticationController#login as */*
  Parameters: {"email"=>"paulozuniga17@gmail.com", "password"=>"[FILTERED]"}
  [1m[36mUser Load (0.3ms)[0m  [1m[34mSELECT  "users".* FROM "users" WHERE "users"."email" = ? LIMIT ?[0m  [["email", "paulozuniga17@gmail.com"], ["LIMIT", 1]]
  ↳ app/controllers/authentication_controller.rb:6
Completed 200 OK in 145ms (Views: 0.2ms | ActiveRecord: 0.3ms)


Started GET "/users?Authorization=eyJhbGciOiJIUzI1NiJ9.eyJ1c2VyX2lkIjoxLCJleHAiOjE1NTkwMTQ1Mjl9.5S_dsPXP2LFfps97aoh3MVBWl9ACZCuHr64HY4AbGBY" for ::1 at 2019-05-26 21:36:16 -0600
Processing by UsersController#index as */*
  Parameters: {"Authorization"=>"eyJhbGciOiJIUzI1NiJ9.eyJ1c2VyX2lkIjoxLCJleHAiOjE1NTkwMTQ1Mjl9.5S_dsPXP2LFfps97aoh3MVBWl9ACZCuHr64HY4AbGBY"}
Filter chain halted as :authorize_request rendered or redirected
Completed 401 Unauthorized in 0ms (Views: 0.2ms | ActiveRecord: 0.0ms)


Started GET "/userone?Authorization=eyJhbGciOiJIUzI1NiJ9.eyJ1c2VyX2lkIjoxLCJleHAiOjE1NTkwMTQ1Mjl9.5S_dsPXP2LFfps97aoh3MVBWl9ACZCuHr64HY4AbGBY" for ::1 at 2019-05-26 21:57:35 -0600
Processing by ApplicationController#not_found as */*
  Parameters: {"Authorization"=>"eyJhbGciOiJIUzI1NiJ9.eyJ1c2VyX2lkIjoxLCJleHAiOjE1NTkwMTQ1Mjl9.5S_dsPXP2LFfps97aoh3MVBWl9ACZCuHr64HY4AbGBY", "a"=>"userone"}
Completed 200 OK in 1ms (Views: 0.3ms | ActiveRecord: 0.0ms)


Started GET "/users" for ::1 at 2019-05-26 21:58:39 -0600
Processing by UsersController#index as */*
  [1m[36mUser Load (3.5ms)[0m  [1m[34mSELECT  "users".* FROM "users" WHERE "users"."id" = ? LIMIT ?[0m  [["id", 1], ["LIMIT", 1]]
  ↳ app/controllers/application_controller.rb:12
  [1m[36mUser Load (0.3ms)[0m  [1m[34mSELECT "users".* FROM "users"[0m
  ↳ app/controllers/users_controller.rb:8
Completed 200 OK in 33ms (Views: 7.5ms | ActiveRecord: 4.6ms)


Started GET "/userone" for ::1 at 2019-05-26 21:59:01 -0600
Processing by ApplicationController#not_found as */*
  Parameters: {"a"=>"userone"}
Completed 200 OK in 0ms (Views: 0.1ms | ActiveRecord: 0.0ms)


